<?xml version="1.0" encoding="UTF-8" standalone="no"?>
<testsuite failures="1" name="cucumber.runtime.formatter.JUnitFormatter" skipped="0" tests="1" time="10.225001">
<testcase classname="As a User, I can register M&amp;A rates so that it will serve as the basis of computation of charges" name="Validation of Meals and Accommodation charge settings display for Vessel Manager" time="10.225001">
<failure message="org.openqa.selenium.WebDriverException: unknown error: call function result missing 'value'&#10;  (Session info: chrome=68.0.3440.106)&#10;  (Driver info: chromedriver=2.33.506120 (e3e53437346286c0bc2d2dc9aa4915ba81d9023f),platform=Windows NT 10.0.17134 x86_64) (WARNING: The server did not provide any stacktrace information)&#10;Command duration or timeout: 0 milliseconds&#10;Build info: version: '3.8.1', revision: '6e95a6684b', time: '2017-12-01T18:33:54.468Z'&#10;System info: host: 'LT-SHIPADMIN-G', ip: '10.10.3.29', os.name: 'Windows 10', os.arch: 'amd64', os.version: '10.0', java.version: '1.8.0_141'&#10;Driver info: org.openqa.selenium.chrome.ChromeDriver&#10;Capabilities {acceptSslCerts: true, applicationCacheEnabled: false, browserConnectionEnabled: false, browserName: chrome, chrome: {chromedriverVersion: 2.33.506120 (e3e53437346286..., userDataDir: C:\Users\JEFERS~1\AppData\L...}, cssSelectorsEnabled: true, databaseEnabled: false, handlesAlerts: true, hasTouchScreen: false, javascriptEnabled: true, locationContextEnabled: true, mobileEmulationEnabled: false, nativeEvents: true, networkConnectionEnabled: false, pageLoadStrategy: normal, platform: XP, platformName: XP, rotatable: false, setWindowRect: true, takesHeapSnapshot: true, takesScreenshot: true, unexpectedAlertBehaviour: , unhandledPromptBehavior: , version: 68.0.3440.106, webStorageEnabled: true}&#10;Session ID: 2e89bcd5d1f4728868fa2adc4b94e758&#13;&#10;&#9;at sun.reflect.NativeConstructorAccessorImpl.newInstance0(Native Method)&#13;&#10;&#9;at sun.reflect.NativeConstructorAccessorImpl.newInstance(NativeConstructorAccessorImpl.java:62)&#13;&#10;&#9;at sun.reflect.DelegatingConstructorAccessorImpl.newInstance(DelegatingConstructorAccessorImpl.java:45)&#13;&#10;&#9;at java.lang.reflect.Constructor.newInstance(Constructor.java:423)&#13;&#10;&#9;at org.openqa.selenium.remote.ErrorHandler.createThrowable(ErrorHandler.java:214)&#13;&#10;&#9;at org.openqa.selenium.remote.ErrorHandler.throwIfResponseFailed(ErrorHandler.java:166)&#13;&#10;&#9;at org.openqa.selenium.remote.http.JsonHttpResponseCodec.reconstructValue(JsonHttpResponseCodec.java:40)&#13;&#10;&#9;at org.openqa.selenium.remote.http.AbstractHttpResponseCodec.decode(AbstractHttpResponseCodec.java:80)&#13;&#10;&#9;at org.openqa.selenium.remote.http.AbstractHttpResponseCodec.decode(AbstractHttpResponseCodec.java:44)&#13;&#10;&#9;at org.openqa.selenium.remote.HttpCommandExecutor.execute(HttpCommandExecutor.java:164)&#13;&#10;&#9;at org.openqa.selenium.remote.service.DriverCommandExecutor.execute(DriverCommandExecutor.java:83)&#13;&#10;&#9;at org.openqa.selenium.remote.RemoteWebDriver.execute(RemoteWebDriver.java:601)&#13;&#10;&#9;at org.openqa.selenium.remote.RemoteWebElement.execute(RemoteWebElement.java:279)&#13;&#10;&#9;at org.openqa.selenium.remote.RemoteWebElement.sendKeys(RemoteWebElement.java:100)&#13;&#10;&#9;at stepDefinitionMA29213_sprint01_displayvalidation.TestMA29213_sprint01_displayvalidation.open_Vessel_Manager_login_with_valid_user_credentials(TestMA29213_sprint01_displayvalidation.java:37)&#13;&#10;&#9;at ✽.Given open Vessel Manager login with valid user credentials(M&amp;A_registerM&amp;Arates_displayvalidation.feature:5)&#13;&#10;"><![CDATA[Given open Vessel Manager login with valid user credentials.................failed
Then go to Personnel menu...................................................skipped
Then access Meals and Accommodation sub menu................................skipped
Then validate if the current url is correct.................................skipped
Then input valid date range period and click on submit button...............skipped
Then validate if the Settings icon is present...............................skipped
Then validate if access Setup Meals and Charges is present..................skipped
Then access Setup Meals and Charges page....................................skipped
Then validate if access Setup Meals and Charges text is present.............skipped
Then validate if Number of Meals per day text is present....................skipped
Then validate if Number of Meals per day drop down is present...............skipped
Then validate if the currency text is present...............................skipped
Then validate if the currency drop down is present..........................skipped
Then validate if the Start text is present..................................skipped
Then validate if the End text is present....................................skipped
Then validate if the Staying On board text is present.......................skipped
Then validate if the if served as extra meal text is present................skipped
Then validate if the How to charge: text is present.........................skipped
Then validate if the One Charge including bed and meals text is present.....skipped
Then validate if the Bed and meals charged separately text is present.......skipped
Then validate if the Bed and each meal charged separately text is present...skipped
Then validate if the on day of arrival text is present......................skipped
Then validate if the Full charge  of arrival time text is present - on day of arrival.skipped
Then validate if the charge in percentage (actual hours/24) text is present - on day of arrival.skipped
Then validate if the No Charge text is present - on day of arrival..........skipped
Then validate if the Charged if arriving before: text is present - on day of arrival.skipped
Then validate if the object for time selection for Changed if arriving before is present - on day of arrival.skipped
Then validate if the Meals on arrival departure day: text is present........skipped
Then validate if the Only meals served when the person was on board will be charged text is present.skipped
Then validate if the *may also be adjusted manually in software text is present.skipped
Then validate if the On day of departure text is present....................skipped
Then validate if the Full charge  of arrival time text is present - On day of departure.skipped
Then validate if the charge in percentage (actual hours/24) text is present - On day of departure.skipped
Then validate if the No Charge text is present - On day of departure........skipped
Then validate if the Charged if arriving before: text is present - On day of departure.skipped
Then validate if the object for time selection for Changed if arriving before is present - On day of departure.skipped
Then validate if the Save button is available...............................skipped
Then validate if the Save button text is correct............................skipped
Then validate if the Cancel button is available.............................skipped
Then validate if the Cancel button text is correct..........................skipped
Then validate if the close icon is available................................skipped
And browser will close......................................................skipped

StackTrace:
org.openqa.selenium.WebDriverException: unknown error: call function result missing 'value'
  (Session info: chrome=68.0.3440.106)
  (Driver info: chromedriver=2.33.506120 (e3e53437346286c0bc2d2dc9aa4915ba81d9023f),platform=Windows NT 10.0.17134 x86_64) (WARNING: The server did not provide any stacktrace information)
Command duration or timeout: 0 milliseconds
Build info: version: '3.8.1', revision: '6e95a6684b', time: '2017-12-01T18:33:54.468Z'
System info: host: 'LT-SHIPADMIN-G', ip: '10.10.3.29', os.name: 'Windows 10', os.arch: 'amd64', os.version: '10.0', java.version: '1.8.0_141'
Driver info: org.openqa.selenium.chrome.ChromeDriver
Capabilities {acceptSslCerts: true, applicationCacheEnabled: false, browserConnectionEnabled: false, browserName: chrome, chrome: {chromedriverVersion: 2.33.506120 (e3e53437346286..., userDataDir: C:\Users\JEFERS~1\AppData\L...}, cssSelectorsEnabled: true, databaseEnabled: false, handlesAlerts: true, hasTouchScreen: false, javascriptEnabled: true, locationContextEnabled: true, mobileEmulationEnabled: false, nativeEvents: true, networkConnectionEnabled: false, pageLoadStrategy: normal, platform: XP, platformName: XP, rotatable: false, setWindowRect: true, takesHeapSnapshot: true, takesScreenshot: true, unexpectedAlertBehaviour: , unhandledPromptBehavior: , version: 68.0.3440.106, webStorageEnabled: true}
Session ID: 2e89bcd5d1f4728868fa2adc4b94e758
	at sun.reflect.NativeConstructorAccessorImpl.newInstance0(Native Method)
	at sun.reflect.NativeConstructorAccessorImpl.newInstance(NativeConstructorAccessorImpl.java:62)
	at sun.reflect.DelegatingConstructorAccessorImpl.newInstance(DelegatingConstructorAccessorImpl.java:45)
	at java.lang.reflect.Constructor.newInstance(Constructor.java:423)
	at org.openqa.selenium.remote.ErrorHandler.createThrowable(ErrorHandler.java:214)
	at org.openqa.selenium.remote.ErrorHandler.throwIfResponseFailed(ErrorHandler.java:166)
	at org.openqa.selenium.remote.http.JsonHttpResponseCodec.reconstructValue(JsonHttpResponseCodec.java:40)
	at org.openqa.selenium.remote.http.AbstractHttpResponseCodec.decode(AbstractHttpResponseCodec.java:80)
	at org.openqa.selenium.remote.http.AbstractHttpResponseCodec.decode(AbstractHttpResponseCodec.java:44)
	at org.openqa.selenium.remote.HttpCommandExecutor.execute(HttpCommandExecutor.java:164)
	at org.openqa.selenium.remote.service.DriverCommandExecutor.execute(DriverCommandExecutor.java:83)
	at org.openqa.selenium.remote.RemoteWebDriver.execute(RemoteWebDriver.java:601)
	at org.openqa.selenium.remote.RemoteWebElement.execute(RemoteWebElement.java:279)
	at org.openqa.selenium.remote.RemoteWebElement.sendKeys(RemoteWebElement.java:100)
	at stepDefinitionMA29213_sprint01_displayvalidation.TestMA29213_sprint01_displayvalidation.open_Vessel_Manager_login_with_valid_user_credentials(TestMA29213_sprint01_displayvalidation.java:37)
	at ✽.Given open Vessel Manager login with valid user credentials(M&A_registerM&Arates_displayvalidation.feature:5)
]]></failure>
</testcase>
</testsuite>
